Arguments: 
  D:\nodejs\node.exe C:\Users\arda_\AppData\Roaming\npm\node_modules\yarn\bin\yarn.js install

PATH: 
  C:\Python39\Scripts\;C:\Python39\;C:\ProgramData\Oracle\Java\javapath;C:\Windows\system32;C:\Windows;C:\Windows\System32\Wbem;C:\Windows\System32\WindowsPowerShell\v1.0\;C:\Windows\System32\OpenSSH\;C:\Program Files\NVIDIA Corporation\NVIDIA NvDLISR;C:\Program Files (x86)\NVIDIA Corporation\PhysX\Common;D:\nodejs\;C:\ProgramData\chocolatey\bin;D:\Git\cmd;C:\Users\arda_\AppData\Local\Microsoft\WindowsApps;;C:\Program Files\JetBrains\PhpStorm 2020.3\bin;;D:\Microsoft VS Code\bin;C:\Users\arda_\AppData\Roaming\npm

Yarn version: 
  1.22.10

Node version: 
  14.15.4

Platform: 
  win32 x64

Trace: 
  Error: https://registry.yarnpkg.com/date-fns/-/date-fns-2.16.1.tgz: ESOCKETTIMEDOUT
      at ClientRequest.<anonymous> (C:\Users\arda_\AppData\Roaming\npm\node_modules\yarn\lib\cli.js:141289:19)
      at Object.onceWrapper (events.js:421:28)
      at ClientRequest.emit (events.js:315:20)
      at TLSSocket.emitRequestTimeout (_http_client.js:784:9)
      at Object.onceWrapper (events.js:421:28)
      at TLSSocket.emit (events.js:327:22)
      at TLSSocket.Socket._onTimeout (net.js:483:8)
      at listOnTimeout (internal/timers.js:554:17)
      at processTimers (internal/timers.js:497:7)

npm manifest: 
  {
    "name": "Squad-Community-Ban-List",
    "version": "1.0.0",
    "repository": "https://github.com/Thomas-Smyth/Squad-Community-Ban-List.git",
    "author": "Thomas Smyth <https://github.com/Thomas-Smyth>",
    "license": "MIT",
    "private": true,
    "workspaces": [
      "ban-importer",
      "client",
      "scbl-lib",
      "web-server"
    ],
    "scripts": {
      "lint": "eslint --fix . && prettier --write \"./**/*.js\"",
      "start-ban-importer": "node ban-importer/index.js",
      "build-web-server": "cd client && npm run build",
      "start-web-server": "cross-env NODE_ENV=production node web-server/index.js",
      "dev-web-server": "concurrently \"nodemon --ignore './client/' web-server/index.js\" \"cd client && npm run start\""
    },
    "devDependencies": {
      "concurrently": "^5.3.0",
      "cross-env": "^7.0.2",
      "eslint": "^7.11.0",
      "eslint-config-prettier": "^6.11.0",
      "eslint-config-standard": "^14.1.1",
      "eslint-plugin-import": "^2.22.0",
      "eslint-plugin-node": "^11.1.0",
      "eslint-plugin-promise": "^4.2.1",
      "eslint-plugin-standard": "^4.0.1",
      "husky": "^4.2.5",
      "lint-staged": "^10.2.11",
      "nodemon": "^2.0.4",
      "prettier": "^2.0.5"
    },
    "dependencies": {}
  }

yarn manifest: 
  No manifest

Lockfile: 
  No lockfile
